2025-04-22 15:11:31 INFO: /biondata/0256ME/bids/sub-111xxxx/.import/005_0256ME-111xxxx-01ME_t1_mprage_sag_p3_iso_FatSup_tfl3d1_16ns_t1_mprage_sag_p3_iso_FatSup.nii -> /biondata/0256ME/bids/sub-111xxxx/anat/sub-111xxxx_T1w.nii
2025-04-22 15:11:31 INFO: /biondata/0256ME/bids/sub-111xxxx/.import/006_0256ME-111xxxx-01ME_gre_field_mapping_fm2d2r_gre_field_mapping_e1.nii -> /biondata/0256ME/bids/sub-111xxxx/fmap/sub-111xxxx_run-1_magnitude1.nii
2025-04-22 15:11:31 INFO: /biondata/0256ME/bids/sub-111xxxx/.import/006_0256ME-111xxxx-01ME_gre_field_mapping_fm2d2r_gre_field_mapping_e2.nii -> /biondata/0256ME/bids/sub-111xxxx/fmap/sub-111xxxx_run-1_magnitude2.nii
2025-04-22 15:11:31 INFO: /biondata/0256ME/bids/sub-111xxxx/.import/007_0256ME-111xxxx-01ME_gre_field_mapping_fm2d2r_gre_field_mapping_e2_ph.nii -> /biondata/0256ME/bids/sub-111xxxx/fmap/sub-111xxxx_run-1_phasediff.nii
2025-04-22 15:11:31 INFO: /biondata/0256ME/bids/sub-111xxxx/.import/008_0256ME-111xxxx-01ME_dynamic_ep2d_bold_p4_2.2mm_iso_TR1850_epfid2d1_100_dynamic_ep2d_bold_p4_2.2mm_iso_TR1850.nii -> /biondata/0256ME/bids/sub-111xxxx/func/sub-111xxxx_task-localizer_bold.nii
2025-04-22 15:11:31 INFO: /biondata/0256ME/bids/sub-111xxxx/.import/009_0256ME-111xxxx-01ME_ep2d_bold_p4_2.2mm_iso_TR1850_exp_epfid2d1_100_ep2d_bold_p4_2.2mm_iso_TR1850_exp.nii -> /biondata/0256ME/bids/sub-111xxxx/func/sub-111xxxx_task-scenes_run-1_bold.nii
2025-04-22 15:11:31 INFO: /biondata/0256ME/bids/sub-111xxxx/.import/010_0256ME-111xxxx-01ME_ep2d_bold_p4_2.2mm_iso_TR1850_exp_epfid2d1_100_ep2d_bold_p4_2.2mm_iso_TR1850_exp.nii -> /biondata/0256ME/bids/sub-111xxxx/func/sub-111xxxx_task-scenes_run-2_bold.nii
2025-04-22 15:11:31 INFO: /biondata/0256ME/bids/sub-111xxxx/.import/011_0256ME-111xxxx-01ME_ep2d_bold_p4_2.2mm_iso_TR1850_exp_epfid2d1_100_ep2d_bold_p4_2.2mm_iso_TR1850_exp.nii -> /biondata/0256ME/bids/sub-111xxxx/func/sub-111xxxx_task-scenes_run-3_bold.nii
2025-04-22 15:11:31 INFO: /biondata/0256ME/bids/sub-111xxxx/.import/016_0256ME-111xxxx-01ME_gre_field_mapping_fm2d2r_gre_field_mapping_e1.nii -> /biondata/0256ME/bids/sub-111xxxx/fmap/sub-111xxxx_run-2_magnitude1.nii
2025-04-22 15:11:31 INFO: /biondata/0256ME/bids/sub-111xxxx/.import/017_0256ME-111xxxx-01ME_gre_field_mapping_fm2d2r_gre_field_mapping_e2_ph.nii -> /biondata/0256ME/bids/sub-111xxxx/fmap/sub-111xxxx_run-2_phasediff.nii
2025-04-22 15:11:31 INFO: /biondata/0256ME/bids/sub-111xxxx/.import/016_0256ME-111xxxx-01ME_gre_field_mapping_fm2d2r_gre_field_mapping_e2.nii -> /biondata/0256ME/bids/sub-111xxxx/fmap/sub-111xxxx_run-2_magnitude2.nii
2025-04-22 15:11:31 INFO: /biondata/0256ME/bids/sub-111xxxx/.import/018_0256ME-111xxxx-01ME_ep2d_bold_p4_2.2mm_iso_TR1850_exp_epfid2d1_100_ep2d_bold_p4_2.2mm_iso_TR1850_exp.nii -> /biondata/0256ME/bids/sub-111xxxx/func/sub-111xxxx_task-scenes_run-4_bold.nii
2025-04-22 15:11:31 INFO: /biondata/0256ME/bids/sub-111xxxx/.import/019_0256ME-111xxxx-01ME_ep2d_bold_p4_2.2mm_iso_TR1850_exp_epfid2d1_100_ep2d_bold_p4_2.2mm_iso_TR1850_exp.nii -> /biondata/0256ME/bids/sub-111xxxx/func/sub-111xxxx_task-scenes_run-5_bold.nii
2025-04-22 15:11:31 INFO: /biondata/0256ME/bids/sub-111xxxx/.import/020_0256ME-111xxxx-01ME_ep2d_bold_p4_2.2mm_iso_TR1850_exp_epfid2d1_100_ep2d_bold_p4_2.2mm_iso_TR1850_exp.nii -> /biondata/0256ME/bids/sub-111xxxx/func/sub-111xxxx_task-scenes_run-6_bold.nii
2025-04-22 15:11:31 INFO: /biondata/0256ME/bids/sub-111xxxx/.import/021_0256ME-111xxxx-01ME_ep2d_bold_p4_2.2mm_iso_TR1850_exp_epfid2d1_100_ep2d_bold_p4_2.2mm_iso_TR1850_exp.nii -> /biondata/0256ME/bids/sub-111xxxx/func/sub-111xxxx_task-scenes_run-7_bold.nii
2025-04-22 15:11:31 INFO: /biondata/0256ME/bids/sub-111xxxx/.import/022_0256ME-111xxxx-01ME_ep2d_bold_p4_2.2mm_iso_TR1850_exp_epfid2d1_100_ep2d_bold_p4_2.2mm_iso_TR1850_exp.nii -> /biondata/0256ME/bids/sub-111xxxx/func/sub-111xxxx_task-scenes_run-8_bold.nii
2025-04-22 15:11:31 INFO: /biondata/0256ME/bids/sub-111xxxx/.import/023_0256ME-111xxxx-01ME_ep2d_bold_p4_2.2mm_iso_TR1850_exp_epfid2d1_100_ep2d_bold_p4_2.2mm_iso_TR1850_exp.nii -> /biondata/0256ME/bids/sub-111xxxx/func/sub-111xxxx_task-scenes_run-9_bold.nii
2025-04-22 15:11:31 INFO: /biondata/0256ME/bids/sub-111xxxx/.import/024_0256ME-111xxxx-01ME_ep2d_bold_p4_2.2mm_iso_TR1850_exp_epfid2d1_100_ep2d_bold_p4_2.2mm_iso_TR1850_exp.nii -> /biondata/0256ME/bids/sub-111xxxx/func/sub-111xxxx_task-scenes_run-10_bold.nii
2025-04-22 15:11:31 INFO: /biondata/0256ME/bids/sub-111xxxx/.import/025_0256ME-111xxxx-01ME_ep2d_bold_p4_2.2mm_iso_TR1850_exp_epfid2d1_100_ep2d_bold_p4_2.2mm_iso_TR1850_exp.nii -> /biondata/0256ME/bids/sub-111xxxx/func/sub-111xxxx_task-scenes_run-11_bold.nii
2025-04-22 15:11:31 INFO: /biondata/0256ME/bids/sub-111xxxx/.import/026_0256ME-111xxxx-01ME_ep2d_bold_p4_2.2mm_iso_TR1850_exp_epfid2d1_100_ep2d_bold_p4_2.2mm_iso_TR1850_exp.nii -> /biondata/0256ME/bids/sub-111xxxx/func/sub-111xxxx_task-scenes_run-12_bold.nii
