Chris Rorden's dcm2niiX version v1.0.20220720  (JP2:OpenJPEG) GCC10.2.1 x86-64 (64-bit Linux)
Found 5146 DICOM file(s)
Slices not stacked: orientation varies (vNav or localizer?) [0.998051 -0.00549081 0.0621557 -0.0030339 0.990672 0.136232] != [0.998729 0.0347645 0.0365008 -0.0245048 0.967646 -0.251119]
1 images have identical time, series, acquisition and instance values. DUPLICATES REMOVED.
Convert 1 DICOM as /biondata/0256ME/bids/sub-007xxxx/.import/004_0256ME-007xxxx-01ME_AAHead_Scout_fl3d1_ns_AAHead_Scout_MPR_tra_i00001 (162x162x1x1)
1 images have identical time, series, acquisition and instance values. DUPLICATES REMOVED.
Convert 1 DICOM as /biondata/0256ME/bids/sub-007xxxx/.import/004_0256ME-007xxxx-01ME_AAHead_Scout_fl3d1_ns_AAHead_Scout_MPR_tra_i00002 (162x162x1x1)
1 images have identical time, series, acquisition and instance values. DUPLICATES REMOVED.
Convert 1 DICOM as /biondata/0256ME/bids/sub-007xxxx/.import/004_0256ME-007xxxx-01ME_AAHead_Scout_fl3d1_ns_AAHead_Scout_MPR_tra_i00003 (162x162x1x1)
128 images have identical time, series, acquisition and instance values. DUPLICATES REMOVED.
Convert 128 DICOM as /biondata/0256ME/bids/sub-007xxxx/.import/001_0256ME-007xxxx-01ME_AAHead_Scout_fl3d1_ns_AAHead_Scout (160x160x128x1)
1 images have identical time, series, acquisition and instance values. DUPLICATES REMOVED.
Convert 1 DICOM as /biondata/0256ME/bids/sub-007xxxx/.import/003_0256ME-007xxxx-01ME_AAHead_Scout_fl3d1_ns_AAHead_Scout_MPR_cor_i00001 (162x162x1x1)
1 images have identical time, series, acquisition and instance values. DUPLICATES REMOVED.
Convert 1 DICOM as /biondata/0256ME/bids/sub-007xxxx/.import/003_0256ME-007xxxx-01ME_AAHead_Scout_fl3d1_ns_AAHead_Scout_MPR_cor_i00002 (162x162x1x1)
1 images have identical time, series, acquisition and instance values. DUPLICATES REMOVED.
Convert 1 DICOM as /biondata/0256ME/bids/sub-007xxxx/.import/003_0256ME-007xxxx-01ME_AAHead_Scout_fl3d1_ns_AAHead_Scout_MPR_cor_i00003 (162x162x1x1)
176 images have identical time, series, acquisition and instance values. DUPLICATES REMOVED.
Convert 176 DICOM as /biondata/0256ME/bids/sub-007xxxx/.import/005_0256ME-007xxxx-01ME_t1_mprage_sag_p3_iso_FatSup_tfl3d1_16ns_t1_mprage_sag_p3_iso_FatSup (256x256x176x1)
152 images have identical time, series, acquisition and instance values. DUPLICATES REMOVED.
Convert 152 DICOM as /biondata/0256ME/bids/sub-007xxxx/.import/009_0256ME-007xxxx-01ME_ep2d_bold_p4_2.2mm_iso_TR1850_exp_epfid2d1_100_ep2d_bold_p4_2.2mm_iso_TR1850_exp (100x100x58x152)
320 images have identical time, series, acquisition and instance values. DUPLICATES REMOVED.
Convert 320 DICOM as /biondata/0256ME/bids/sub-007xxxx/.import/019_0256ME-007xxxx-01ME_ep2d_bold_p4_2.2mm_iso_TR1850_resting_epfid2d1_100_ep2d_bold_p4_2.2mm_iso_TR1850_resting (100x100x58x320)
152 images have identical time, series, acquisition and instance values. DUPLICATES REMOVED.
Convert 152 DICOM as /biondata/0256ME/bids/sub-007xxxx/.import/017_0256ME-007xxxx-01ME_ep2d_bold_p4_2.2mm_iso_TR1850_exp_epfid2d1_100_ep2d_bold_p4_2.2mm_iso_TR1850_exp (100x100x58x152)
152 images have identical time, series, acquisition and instance values. DUPLICATES REMOVED.
Convert 152 DICOM as /biondata/0256ME/bids/sub-007xxxx/.import/012_0256ME-007xxxx-01ME_ep2d_bold_p4_2.2mm_iso_TR1850_exp_epfid2d1_100_ep2d_bold_p4_2.2mm_iso_TR1850_exp (100x100x58x152)
Slices not stacked: echo varies (TE 7.38, 4.92; echo 2, 1). Use 'merge 2D slices' option to force stacking
40 images have identical time, series, acquisition and instance values. DUPLICATES REMOVED.
Convert 40 DICOM as /biondata/0256ME/bids/sub-007xxxx/.import/006_0256ME-007xxxx-01ME_gre_field_mapping_fm2d2r_gre_field_mapping_e2 (72x72x40x1)
40 images have identical time, series, acquisition and instance values. DUPLICATES REMOVED.
Convert 40 DICOM as /biondata/0256ME/bids/sub-007xxxx/.import/006_0256ME-007xxxx-01ME_gre_field_mapping_fm2d2r_gre_field_mapping_e1 (72x72x40x1)
152 images have identical time, series, acquisition and instance values. DUPLICATES REMOVED.
Convert 152 DICOM as /biondata/0256ME/bids/sub-007xxxx/.import/016_0256ME-007xxxx-01ME_ep2d_bold_p4_2.2mm_iso_TR1850_exp_epfid2d1_100_ep2d_bold_p4_2.2mm_iso_TR1850_exp (100x100x58x152)
2 images have identical time, series, acquisition and instance values. DUPLICATES REMOVED.
Convert 2 DICOM as /biondata/0256ME/bids/sub-007xxxx/.import/002_0256ME-007xxxx-01ME_AAHead_Scout_fl3d1_ns_AAHead_Scout_MPR_sag_i00001 (162x162x2x1)
1 images have identical time, series, acquisition and instance values. DUPLICATES REMOVED.
Convert 1 DICOM as /biondata/0256ME/bids/sub-007xxxx/.import/002_0256ME-007xxxx-01ME_AAHead_Scout_fl3d1_ns_AAHead_Scout_MPR_sag_i00002 (162x162x1x1)
1 images have identical time, series, acquisition and instance values. DUPLICATES REMOVED.
Convert 1 DICOM as /biondata/0256ME/bids/sub-007xxxx/.import/002_0256ME-007xxxx-01ME_AAHead_Scout_fl3d1_ns_AAHead_Scout_MPR_sag_i00003 (162x162x1x1)
1 images have identical time, series, acquisition and instance values. DUPLICATES REMOVED.
Convert 1 DICOM as /biondata/0256ME/bids/sub-007xxxx/.import/002_0256ME-007xxxx-01ME_AAHead_Scout_fl3d1_ns_AAHead_Scout_MPR_sag_i00004 (162x162x1x1)
152 images have identical time, series, acquisition and instance values. DUPLICATES REMOVED.
Convert 152 DICOM as /biondata/0256ME/bids/sub-007xxxx/.import/011_0256ME-007xxxx-01ME_ep2d_bold_p4_2.2mm_iso_TR1850_exp_epfid2d1_100_ep2d_bold_p4_2.2mm_iso_TR1850_exp (100x100x58x152)
152 images have identical time, series, acquisition and instance values. DUPLICATES REMOVED.
Convert 152 DICOM as /biondata/0256ME/bids/sub-007xxxx/.import/018_0256ME-007xxxx-01ME_ep2d_bold_p4_2.2mm_iso_TR1850_exp_epfid2d1_100_ep2d_bold_p4_2.2mm_iso_TR1850_exp (100x100x58x152)
152 images have identical time, series, acquisition and instance values. DUPLICATES REMOVED.
Convert 152 DICOM as /biondata/0256ME/bids/sub-007xxxx/.import/010_0256ME-007xxxx-01ME_ep2d_bold_p4_2.2mm_iso_TR1850_exp_epfid2d1_100_ep2d_bold_p4_2.2mm_iso_TR1850_exp (100x100x58x152)
152 images have identical time, series, acquisition and instance values. DUPLICATES REMOVED.
Convert 152 DICOM as /biondata/0256ME/bids/sub-007xxxx/.import/014_0256ME-007xxxx-01ME_ep2d_bold_p4_2.2mm_iso_TR1850_exp_epfid2d1_100_ep2d_bold_p4_2.2mm_iso_TR1850_exp (100x100x58x152)
152 images have identical time, series, acquisition and instance values. DUPLICATES REMOVED.
Convert 152 DICOM as /biondata/0256ME/bids/sub-007xxxx/.import/013_0256ME-007xxxx-01ME_ep2d_bold_p4_2.2mm_iso_TR1850_exp_epfid2d1_100_ep2d_bold_p4_2.2mm_iso_TR1850_exp (100x100x58x152)
40 images have identical time, series, acquisition and instance values. DUPLICATES REMOVED.
Convert 40 DICOM as /biondata/0256ME/bids/sub-007xxxx/.import/007_0256ME-007xxxx-01ME_gre_field_mapping_fm2d2r_gre_field_mapping_e2_ph (72x72x40x1)
283 images have identical time, series, acquisition and instance values. DUPLICATES REMOVED.
Convert 283 DICOM as /biondata/0256ME/bids/sub-007xxxx/.import/008_0256ME-007xxxx-01ME_ep2d_bold_p4_2.2mm_iso_TR1850_loc_epfid2d1_100_ep2d_bold_p4_2.2mm_iso_TR1850_loc (100x100x58x283)
152 images have identical time, series, acquisition and instance values. DUPLICATES REMOVED.
Convert 152 DICOM as /biondata/0256ME/bids/sub-007xxxx/.import/015_0256ME-007xxxx-01ME_ep2d_bold_p4_2.2mm_iso_TR1850_exp_epfid2d1_100_ep2d_bold_p4_2.2mm_iso_TR1850_exp (100x100x58x152)
Conversion required 21.059307 seconds (7.453835 for core code).
