Chris Rorden's dcm2niiX version v1.0.20220720  (JP2:OpenJPEG) GCC10.2.1 x86-64 (64-bit Linux)
Found 2573 DICOM file(s)
Convert 152 DICOM as /biondata/0256ME/bids/sub-012xxxx/.import/016_0256me-012xxxx-01me_ep2d_bold_p4_2.2mm_iso_TR1850_exp_epfid2d1_100_ep2d_bold_p4_2.2mm_iso_TR1850_exp (100x100x58x152)
Convert 152 DICOM as /biondata/0256ME/bids/sub-012xxxx/.import/018_0256me-012xxxx-01me_ep2d_bold_p4_2.2mm_iso_TR1850_exp_epfid2d1_100_ep2d_bold_p4_2.2mm_iso_TR1850_exp (100x100x58x152)
Convert 152 DICOM as /biondata/0256ME/bids/sub-012xxxx/.import/011_0256me-012xxxx-01me_ep2d_bold_p4_2.2mm_iso_TR1850_exp_epfid2d1_100_ep2d_bold_p4_2.2mm_iso_TR1850_exp (100x100x58x152)
Convert 152 DICOM as /biondata/0256ME/bids/sub-012xxxx/.import/010_0256me-012xxxx-01me_ep2d_bold_p4_2.2mm_iso_TR1850_exp_epfid2d1_100_ep2d_bold_p4_2.2mm_iso_TR1850_exp (100x100x58x152)
Convert 152 DICOM as /biondata/0256ME/bids/sub-012xxxx/.import/012_0256me-012xxxx-01me_ep2d_bold_p4_2.2mm_iso_TR1850_exp_epfid2d1_100_ep2d_bold_p4_2.2mm_iso_TR1850_exp (100x100x58x152)
Convert 176 DICOM as /biondata/0256ME/bids/sub-012xxxx/.import/005_0256me-012xxxx-01me_t1_mprage_sag_p3_iso_FatSup_tfl3d1_16ns_t1_mprage_sag_p3_iso_FatSup (256x256x176x1)
Convert 320 DICOM as /biondata/0256ME/bids/sub-012xxxx/.import/019_0256me-012xxxx-01me_ep2d_bold_p4_2.2mm_iso_TR1850_resting_epfid2d1_100_ep2d_bold_p4_2.2mm_iso_TR1850_resting (100x100x58x320)
Convert 283 DICOM as /biondata/0256ME/bids/sub-012xxxx/.import/008_0256me-012xxxx-01me_ep2d_bold_p4_2.2mm_iso_TR1850_loc_epfid2d1_100_ep2d_bold_p4_2.2mm_iso_TR1850_loc (100x100x58x283)
Convert 152 DICOM as /biondata/0256ME/bids/sub-012xxxx/.import/017_0256me-012xxxx-01me_ep2d_bold_p4_2.2mm_iso_TR1850_exp_epfid2d1_100_ep2d_bold_p4_2.2mm_iso_TR1850_exp (100x100x58x152)
Slices not stacked: echo varies (TE 7.38, 4.92; echo 2, 1). Use 'merge 2D slices' option to force stacking
Convert 40 DICOM as /biondata/0256ME/bids/sub-012xxxx/.import/006_0256me-012xxxx-01me_gre_field_mapping_fm2d2r_gre_field_mapping_e2 (72x72x40x1)
Convert 40 DICOM as /biondata/0256ME/bids/sub-012xxxx/.import/006_0256me-012xxxx-01me_gre_field_mapping_fm2d2r_gre_field_mapping_e1 (72x72x40x1)
Convert 40 DICOM as /biondata/0256ME/bids/sub-012xxxx/.import/007_0256me-012xxxx-01me_gre_field_mapping_fm2d2r_gre_field_mapping_e2_ph (72x72x40x1)
Slices not stacked: orientation varies (vNav or localizer?) [0.999629 0.0230776 -0.0144966 -0.0179713 0.958073 0.285959] != [0.996208 0.0869979 -0.00113728 -0.0866824 0.993551 0.0730939]
Convert 1 DICOM as /biondata/0256ME/bids/sub-012xxxx/.import/004_0256me-012xxxx-01me_AAHead_Scout_fl3d1_ns_AAHead_Scout_MPR_tra_i00001 (162x162x1x1)
Convert 1 DICOM as /biondata/0256ME/bids/sub-012xxxx/.import/004_0256me-012xxxx-01me_AAHead_Scout_fl3d1_ns_AAHead_Scout_MPR_tra_i00002 (162x162x1x1)
Convert 1 DICOM as /biondata/0256ME/bids/sub-012xxxx/.import/004_0256me-012xxxx-01me_AAHead_Scout_fl3d1_ns_AAHead_Scout_MPR_tra_i00003 (162x162x1x1)
Convert 1 DICOM as /biondata/0256ME/bids/sub-012xxxx/.import/002_0256me-012xxxx-01me_AAHead_Scout_fl3d1_ns_AAHead_Scout_MPR_sag_i00002 (162x162x1x1)
Convert 2 DICOM as /biondata/0256ME/bids/sub-012xxxx/.import/002_0256me-012xxxx-01me_AAHead_Scout_fl3d1_ns_AAHead_Scout_MPR_sag_i00001 (162x162x2x1)
Convert 1 DICOM as /biondata/0256ME/bids/sub-012xxxx/.import/002_0256me-012xxxx-01me_AAHead_Scout_fl3d1_ns_AAHead_Scout_MPR_sag_i00003 (162x162x1x1)
Convert 1 DICOM as /biondata/0256ME/bids/sub-012xxxx/.import/002_0256me-012xxxx-01me_AAHead_Scout_fl3d1_ns_AAHead_Scout_MPR_sag_i00004 (162x162x1x1)
Convert 152 DICOM as /biondata/0256ME/bids/sub-012xxxx/.import/014_0256me-012xxxx-01me_ep2d_bold_p4_2.2mm_iso_TR1850_exp_epfid2d1_100_ep2d_bold_p4_2.2mm_iso_TR1850_exp (100x100x58x152)
Convert 152 DICOM as /biondata/0256ME/bids/sub-012xxxx/.import/013_0256me-012xxxx-01me_ep2d_bold_p4_2.2mm_iso_TR1850_exp_epfid2d1_100_ep2d_bold_p4_2.2mm_iso_TR1850_exp (100x100x58x152)
Convert 1 DICOM as /biondata/0256ME/bids/sub-012xxxx/.import/003_0256me-012xxxx-01me_AAHead_Scout_fl3d1_ns_AAHead_Scout_MPR_cor_i00001 (162x162x1x1)
Convert 1 DICOM as /biondata/0256ME/bids/sub-012xxxx/.import/003_0256me-012xxxx-01me_AAHead_Scout_fl3d1_ns_AAHead_Scout_MPR_cor_i00002 (162x162x1x1)
Convert 1 DICOM as /biondata/0256ME/bids/sub-012xxxx/.import/003_0256me-012xxxx-01me_AAHead_Scout_fl3d1_ns_AAHead_Scout_MPR_cor_i00003 (162x162x1x1)
Convert 152 DICOM as /biondata/0256ME/bids/sub-012xxxx/.import/015_0256me-012xxxx-01me_ep2d_bold_p4_2.2mm_iso_TR1850_exp_epfid2d1_100_ep2d_bold_p4_2.2mm_iso_TR1850_exp (100x100x58x152)
Convert 128 DICOM as /biondata/0256ME/bids/sub-012xxxx/.import/001_0256me-012xxxx-01me_AAHead_Scout_fl3d1_ns_AAHead_Scout (160x160x128x1)
Convert 152 DICOM as /biondata/0256ME/bids/sub-012xxxx/.import/009_0256me-012xxxx-01me_ep2d_bold_p4_2.2mm_iso_TR1850_exp_epfid2d1_100_ep2d_bold_p4_2.2mm_iso_TR1850_exp (100x100x58x152)
Conversion required 20.756236 seconds (6.741568 for core code).
