Chris Rorden's dcm2niiX version v1.0.20220720  (JP2:OpenJPEG) GCC10.2.1 x86-64 (64-bit Linux)
Found 3097 DICOM file(s)
Convert 188 DICOM as /biondata/0256ME/bids/sub-114xxxx/.import/017_0256ME-114xxxx-01ME_ep2d_bold_p4_2.2mm_iso_TR1850_exp_epfid2d1_100_ep2d_bold_p4_2.2mm_iso_TR1850_exp (100x100x58x188)
Slices not stacked: echo varies (TE 7.38, 4.92; echo 2, 1). Use 'merge 2D slices' option to force stacking
Convert 40 DICOM as /biondata/0256ME/bids/sub-114xxxx/.import/006_0256ME-114xxxx-01ME_gre_field_mapping_fm2d2r_gre_field_mapping_e2 (72x72x40x1)
Convert 40 DICOM as /biondata/0256ME/bids/sub-114xxxx/.import/006_0256ME-114xxxx-01ME_gre_field_mapping_fm2d2r_gre_field_mapping_e1 (72x72x40x1)
Convert 40 DICOM as /biondata/0256ME/bids/sub-114xxxx/.import/007_0256ME-114xxxx-01ME_gre_field_mapping_fm2d2r_gre_field_mapping_e2_ph (72x72x40x1)
Convert 188 DICOM as /biondata/0256ME/bids/sub-114xxxx/.import/015_0256ME-114xxxx-01ME_ep2d_bold_p4_2.2mm_iso_TR1850_exp_epfid2d1_100_ep2d_bold_p4_2.2mm_iso_TR1850_exp (100x100x58x188)
Convert 176 DICOM as /biondata/0256ME/bids/sub-114xxxx/.import/005_0256ME-114xxxx-01ME_t1_mprage_sag_p3_iso_FatSup_tfl3d1_16ns_t1_mprage_sag_p3_iso_FatSup (256x256x176x1)
Slices not stacked: orientation varies (vNav or localizer?) [0.998022 -0.0101948 -0.0620257 -0.061548 0.0419025 -0.997224] != [0.99769 0.0157807 -0.0660744 -0.0669528 0.0638078 -0.995714]
Convert 1 DICOM as /biondata/0256ME/bids/sub-114xxxx/.import/003_0256ME-114xxxx-01ME_AAHead_Scout_fl3d1_ns_AAHead_Scout_MPR_cor_i00001 (162x162x1x1)
Convert 1 DICOM as /biondata/0256ME/bids/sub-114xxxx/.import/003_0256ME-114xxxx-01ME_AAHead_Scout_fl3d1_ns_AAHead_Scout_MPR_cor_i00002 (162x162x1x1)
Convert 1 DICOM as /biondata/0256ME/bids/sub-114xxxx/.import/003_0256ME-114xxxx-01ME_AAHead_Scout_fl3d1_ns_AAHead_Scout_MPR_cor_i00003 (162x162x1x1)
Convert 188 DICOM as /biondata/0256ME/bids/sub-114xxxx/.import/014_0256ME-114xxxx-01ME_ep2d_bold_p4_2.2mm_iso_TR1850_exp_epfid2d1_100_ep2d_bold_p4_2.2mm_iso_TR1850_exp (100x100x58x188)
Convert 188 DICOM as /biondata/0256ME/bids/sub-114xxxx/.import/012_0256ME-114xxxx-01ME_ep2d_bold_p4_2.2mm_iso_TR1850_exp_epfid2d1_100_ep2d_bold_p4_2.2mm_iso_TR1850_exp (100x100x58x188)
Convert 128 DICOM as /biondata/0256ME/bids/sub-114xxxx/.import/001_0256ME-114xxxx-01ME_AAHead_Scout_fl3d1_ns_AAHead_Scout (160x160x128x1)
Convert 390 DICOM as /biondata/0256ME/bids/sub-114xxxx/.import/008_0256ME-114xxxx-01ME_dynamic_ep2d_bold_p4_2.2mm_iso_TR1850_epfid2d1_100_dynamic_ep2d_bold_p4_2.2mm_iso_TR1850 (100x100x58x390)
Convert 1 DICOM as /biondata/0256ME/bids/sub-114xxxx/.import/004_0256ME-114xxxx-01ME_AAHead_Scout_fl3d1_ns_AAHead_Scout_MPR_tra_i00001 (162x162x1x1)
Convert 1 DICOM as /biondata/0256ME/bids/sub-114xxxx/.import/004_0256ME-114xxxx-01ME_AAHead_Scout_fl3d1_ns_AAHead_Scout_MPR_tra_i00002 (162x162x1x1)
Convert 1 DICOM as /biondata/0256ME/bids/sub-114xxxx/.import/004_0256ME-114xxxx-01ME_AAHead_Scout_fl3d1_ns_AAHead_Scout_MPR_tra_i00003 (162x162x1x1)
Convert 188 DICOM as /biondata/0256ME/bids/sub-114xxxx/.import/019_0256ME-114xxxx-01ME_ep2d_bold_p4_2.2mm_iso_TR1850_exp_epfid2d1_100_ep2d_bold_p4_2.2mm_iso_TR1850_exp (100x100x58x188)
Convert 188 DICOM as /biondata/0256ME/bids/sub-114xxxx/.import/016_0256ME-114xxxx-01ME_ep2d_bold_p4_2.2mm_iso_TR1850_exp_epfid2d1_100_ep2d_bold_p4_2.2mm_iso_TR1850_exp (100x100x58x188)
Convert 188 DICOM as /biondata/0256ME/bids/sub-114xxxx/.import/020_0256ME-114xxxx-01ME_ep2d_bold_p4_2.2mm_iso_TR1850_exp_epfid2d1_100_ep2d_bold_p4_2.2mm_iso_TR1850_exp (100x100x58x188)
Convert 188 DICOM as /biondata/0256ME/bids/sub-114xxxx/.import/010_0256ME-114xxxx-01ME_ep2d_bold_p4_2.2mm_iso_TR1850_exp_epfid2d1_100_ep2d_bold_p4_2.2mm_iso_TR1850_exp (100x100x58x188)
Convert 188 DICOM as /biondata/0256ME/bids/sub-114xxxx/.import/011_0256ME-114xxxx-01ME_ep2d_bold_p4_2.2mm_iso_TR1850_exp_epfid2d1_100_ep2d_bold_p4_2.2mm_iso_TR1850_exp (100x100x58x188)
Convert 188 DICOM as /biondata/0256ME/bids/sub-114xxxx/.import/013_0256ME-114xxxx-01ME_ep2d_bold_p4_2.2mm_iso_TR1850_exp_epfid2d1_100_ep2d_bold_p4_2.2mm_iso_TR1850_exp (100x100x58x188)
Convert 188 DICOM as /biondata/0256ME/bids/sub-114xxxx/.import/018_0256ME-114xxxx-01ME_ep2d_bold_p4_2.2mm_iso_TR1850_exp_epfid2d1_100_ep2d_bold_p4_2.2mm_iso_TR1850_exp (100x100x58x188)
Convert 2 DICOM as /biondata/0256ME/bids/sub-114xxxx/.import/002_0256ME-114xxxx-01ME_AAHead_Scout_fl3d1_ns_AAHead_Scout_MPR_sag_i00001 (162x162x2x1)
Convert 1 DICOM as /biondata/0256ME/bids/sub-114xxxx/.import/002_0256ME-114xxxx-01ME_AAHead_Scout_fl3d1_ns_AAHead_Scout_MPR_sag_i00002 (162x162x1x1)
Convert 1 DICOM as /biondata/0256ME/bids/sub-114xxxx/.import/002_0256ME-114xxxx-01ME_AAHead_Scout_fl3d1_ns_AAHead_Scout_MPR_sag_i00003 (162x162x1x1)
Convert 1 DICOM as /biondata/0256ME/bids/sub-114xxxx/.import/002_0256ME-114xxxx-01ME_AAHead_Scout_fl3d1_ns_AAHead_Scout_MPR_sag_i00004 (162x162x1x1)
Convert 188 DICOM as /biondata/0256ME/bids/sub-114xxxx/.import/009_0256ME-114xxxx-01ME_ep2d_bold_p4_2.2mm_iso_TR1850_exp_epfid2d1_100_ep2d_bold_p4_2.2mm_iso_TR1850_exp (100x100x58x188)
Conversion required 26.627409 seconds (7.820844 for core code).
